Arguments: 
  /usr/local/bin/node /home/markushauthaler/.yarn/bin/yarn.js add material/core

PATH: 
  /home/markushauthaler/.yarn/bin:/home/markushauthaler/.config/yarn/global/node_modules/.bin:/home/markushauthaler/.yarn/bin:/home/markushauthaler/.config/yarn/global/node_modules/.bin:/home/markushauthaler/.rvm/gems/ruby-2.3.3/bin:/home/markushauthaler/.rvm/gems/ruby-2.3.3@global/bin:/home/markushauthaler/.rvm/rubies/ruby-2.3.3/bin:/usr/local/sbin:/usr/local/bin:/usr/sbin:/usr/bin:/sbin:/bin:/usr/games:/usr/local/games:/snap/bin:/home/markushauthaler/.rvm/bin:/home/markushauthaler/.rvm/bin:/home/markushauthaler/.rvm/bin:/home/markushauthaler/.rvm/bin

Yarn version: 
  1.5.1

Node version: 
  8.0.0

Platform: 
  linux x64

npm manifest: 
  No manifest

yarn manifest: 
  No manifest

Lockfile: 
  No lockfile

Trace: 
  Error: Command failed.
  Exit code: 128
  Command: git
  Arguments: ls-remote --tags --heads ssh://git@github.com/material/core.git
  Directory: /home/markushauthaler/Dropbox/FH6Semester/Findologic
  Output:
  git@github.com: Permission denied (publickey).
  fatal: Konnte nicht vom Remote-Repository lesen.
  
  Bitte stellen Sie sicher, dass die korrekten Zugriffsberechtigungen bestehen
  und das Repository existiert.
      at ProcessTermError.MessageError (/home/markushauthaler/.yarn/lib/cli.js:186:110)
      at new ProcessTermError (/home/markushauthaler/.yarn/lib/cli.js:226:113)
      at ChildProcess.<anonymous> (/home/markushauthaler/.yarn/lib/cli.js:30281:17)
      at emitTwo (events.js:125:13)
      at ChildProcess.emit (events.js:213:7)
      at maybeClose (internal/child_process.js:887:16)
      at Process.ChildProcess._handle.onexit (internal/child_process.js:208:5)
